[11:38:33] [Server thread/INFO]: Starting minecraft server version 1.15.2
[11:38:33] [Server thread/INFO]: Loading properties
[11:38:33] [Server thread/INFO]: This server is running Paper version git-Paper-231 (MC: 1.15.2) (Implementing API version 1.15.2-R0.1-SNAPSHOT)
[11:38:34] [Server thread/INFO]: Debug logging is disabled
[11:38:34] [Server thread/INFO]: Server Ping Player Sample Count: 12
[11:38:34] [Server thread/INFO]: Using 4 threads for Netty based IO
[11:38:34] [Server thread/INFO]: Default game type: SURVIVAL
[11:38:34] [Server thread/INFO]: Generating keypair
[11:38:34] [Server thread/INFO]: Starting Minecraft server on 192.168.86.37:25565
[11:38:34] [Server thread/INFO]: Using default channel type
[11:38:37] [Server thread/WARN]: Initializing Legacy Material Support. Unless you have legacy plugins and/or data this is a bug!
[11:38:43] [Server thread/WARN]: Legacy plugin WorldBorderAPI v1.0 does not specify an api-version.
[11:38:43] [Server thread/WARN]: Legacy plugin CustomJoinMessages v12.2 does not specify an api-version.
[11:38:44] [Server thread/WARN]: Legacy plugin Multiverse-Core v2.5-b719 does not specify an api-version.
[11:38:44] [Server thread/INFO]: [LuckPerms] Loading LuckPerms v5.0.72
[11:38:44] [Server thread/INFO]: [WorldEdit] Loading WorldEdit v7.1.0;8e55131
[11:38:47] [Server thread/INFO]: Got request to register class com.sk89q.worldedit.bukkit.BukkitServerInterface with WorldEdit [com.sk89q.worldedit.extension.platform.PlatformManager@b31671]
[11:38:47] [Server thread/INFO]: [VoidGenerator] Loading VoidGenerator v1.5.6
[11:38:47] [Server thread/INFO]: [AntiCooldown] Loading AntiCooldown v3.4
[11:38:47] [Server thread/INFO]: [PlaceholderAPI] Loading PlaceholderAPI v2.10.5
[11:38:47] [Server thread/INFO]: [WorldBorderAPI] Loading WorldBorderAPI v1.0
[11:38:47] [Server thread/INFO]: [PlugMan] Loading PlugMan v2.1.7
[11:38:47] [Server thread/INFO]: [WorldCommands] Loading WorldCommands v1.4.2
[11:38:47] [Server thread/INFO]: [HolographicDisplays] Loading HolographicDisplays v2.4.1
[11:38:47] [Server thread/INFO]: [Vault] Loading Vault v1.7.2-b107
[11:38:47] [Server thread/INFO]: [WorldGuard] Loading WorldGuard v7.0.2-SNAPSHOT;bf2593e
[11:38:47] [Server thread/INFO]: [ShopGUIPlus] Loading ShopGUIPlus v1.29.2
[11:38:47] [Server thread/INFO]: [WorldEditSUI] Loading WorldEditSUI v1.7.1
[11:38:47] [Server thread/INFO]: [BentoBox] Loading BentoBox v1.12.0
[11:38:47] [Server thread/INFO]: [Essentials] Loading Essentials v2.17.2.0
[11:38:47] [Server thread/INFO]: [DeluxeMenus] Loading DeluxeMenus v1.13.1-Release
[11:38:47] [Server thread/INFO]: [CustomJoinMessages] Loading CustomJoinMessages v12.2
[11:38:47] [Server thread/INFO]: [EpicSpawners] Loading EpicSpawners v6.3.9
[11:38:47] [Server thread/INFO]: [BeastWithdraw] Loading BeastWithdraw v2.8.1
[11:38:47] [Server thread/INFO]: [Multiverse-Core] Loading Multiverse-Core v2.5-b719
[11:38:47] [Server thread/INFO]: [DeluxeChat] Loading DeluxeChat v1.15.0
[11:38:47] [Server thread/INFO]: [WorldGuardExtraFlags] Loading WorldGuardExtraFlags v4.1.3
[11:38:47] [Server thread/INFO]: [TabList] Loading TabList v5.3.1
[11:38:47] [Server thread/INFO]: Server permissions file permissions.yml is empty, ignoring it
[11:38:47] [Server thread/INFO]: [LuckPerms] Enabling LuckPerms v5.0.72
[11:38:47] [Server thread/INFO]:         __    
[11:38:47] [Server thread/INFO]:   |    |__)   LuckPerms v5.0.72
[11:38:47] [Server thread/INFO]:   |___ |      Running on Bukkit - Paper
[11:38:47] [Server thread/INFO]: 
[11:38:47] [Server thread/INFO]: [LuckPerms] Loading configuration...
[11:38:48] [Server thread/INFO]: [LuckPerms] Loading storage provider... [H2]
[11:38:49] [Server thread/INFO]: [LuckPerms] Loading internal permission managers...
[11:38:50] [Server thread/INFO]: [LuckPerms] Performing initial data load...
[11:38:50] [Server thread/INFO]: [LuckPerms] Successfully enabled. (took 2711ms)
[11:38:50] [Server thread/INFO]: [WorldEdit] Enabling WorldEdit v7.1.0;8e55131
[11:38:50] [Server thread/WARN]: [WorldEdit] Loaded class net.milkbowl.vault.permission.Permission from Vault v1.7.2-b107 which is not a depend, softdepend or loadbefore of this plugin.
[11:38:50] [Server thread/INFO]: WEPIF: Using the Bukkit Permissions API.
[11:38:50] [Server thread/INFO]: Using com.sk89q.worldedit.bukkit.adapter.impl.Spigot_v1_15_R2 as the Bukkit adapter
[11:38:51] [Server thread/INFO]: [VoidGenerator] Enabling VoidGenerator v1.5.6
[11:38:51] [Server thread/INFO]: [Vault] Enabling Vault v1.7.2-b107
[11:38:51] [Server thread/WARN]: [Vault] Loaded class com.earth2me.essentials.api.Economy from Essentials v2.17.2.0 which is not a depend, softdepend or loadbefore of this plugin.
[11:38:51] [Server thread/INFO]: [Vault] [Economy] Essentials Economy found: Waiting
[11:38:51] [Server thread/INFO]: [Vault] [Permission] SuperPermissions loaded as backup permission system.
[11:38:51] [Server thread/INFO]: [Vault] Enabled Version 1.7.2-b107
[11:38:51] [Server thread/WARN]: [LuckPerms] Loaded class net.milkbowl.vault.permission.Permission from Vault v1.7.2-b107 which is not a depend, softdepend or loadbefore of this plugin.
[11:38:51] [Server thread/INFO]: [LuckPerms] Registered Vault permission & chat hook.
[11:38:51] [Server thread/INFO]: WEPIF: Vault detected! Using Vault for permissions
[11:38:51] [Server thread/INFO]: [BentoBox] Enabling BentoBox v1.12.0
[11:38:51] [Server thread/INFO]: [BentoBox] Loading Settings from config.yml...
[11:38:53] [Server thread/INFO]: [BentoBox] Hooking with Vault...
[11:38:53] [Server thread/INFO]: [BentoBox] Loading addons...
[11:38:54] [Server thread/INFO]: [BentoBox] Loaded 8 addons.
[11:38:54] [Server thread/INFO]: Preparing level "Spawn"
[11:38:54] [Server thread/INFO]: Reloading ResourceManager: Default, bukkit
[11:38:55] [Server thread/INFO]: Loaded 6 recipes
[11:38:55] [Server thread/INFO]: -------- World Settings For [Spawn] --------
[11:38:55] [Server thread/INFO]: View Distance: 10
[11:38:55] [Server thread/INFO]: Nerfing mobs spawned from spawners: false
[11:38:55] [Server thread/INFO]: Arrow Despawn Rate: 1200 Trident Respawn Rate:1200
[11:38:55] [Server thread/INFO]: Allow Zombie Pigmen to spawn from portal blocks: true
[11:38:55] [Server thread/INFO]: Item Despawn Rate: 6000
[11:38:55] [Server thread/INFO]: Item Merge Radius: 2.5
[11:38:55] [Server thread/INFO]: Zombie Aggressive Towards Villager: true
[11:38:55] [Server thread/INFO]: Mob Spawn Range: 8
[11:38:55] [Server thread/INFO]: Experience Merge Radius: 3.0
[11:38:55] [Server thread/INFO]: Entity Tracking Range: Pl 48 / An 48 / Mo 48 / Mi 32 / Other 64
[11:38:55] [Server thread/INFO]: Hopper Transfer: 8 Hopper Check: 1 Hopper Amount: 1
[11:38:55] [Server thread/INFO]: Cactus Growth Modifier: 100%
[11:38:55] [Server thread/INFO]: Cane Growth Modifier: 100%
[11:38:55] [Server thread/INFO]: Melon Growth Modifier: 100%
[11:38:55] [Server thread/INFO]: Mushroom Growth Modifier: 100%
[11:38:55] [Server thread/INFO]: Pumpkin Growth Modifier: 100%
[11:38:55] [Server thread/INFO]: Sapling Growth Modifier: 100%
[11:38:55] [Server thread/INFO]: Beetroot Growth Modifier: 100%
[11:38:55] [Server thread/INFO]: Carrot Growth Modifier: 100%
[11:38:55] [Server thread/INFO]: Potato Growth Modifier: 100%
[11:38:55] [Server thread/INFO]: Wheat Growth Modifier: 100%
[11:38:55] [Server thread/INFO]: NetherWart Growth Modifier: 100%
[11:38:55] [Server thread/INFO]: Vine Growth Modifier: 100%
[11:38:55] [Server thread/INFO]: Cocoa Growth Modifier: 100%
[11:38:55] [Server thread/INFO]: Bamboo Growth Modifier: 100%
[11:38:55] [Server thread/INFO]: SweetBerry Growth Modifier: 100%
[11:38:55] [Server thread/INFO]: Kelp Growth Modifier: 100%
[11:38:55] [Server thread/INFO]: Entity Activation Range: An 32 / Mo 32 / Ra 48 / Mi 16 / Tiv true
[11:38:55] [Server thread/INFO]: Tile Max Tick Time: 50ms Entity max Tick Time: 50ms
[11:38:55] [Server thread/INFO]: Max TNT Explosions: 100
[11:38:55] [Server thread/INFO]: Custom Map Seeds:  Village: 10387312 Desert: 14357617 Igloo: 14357618 Jungle: 14357619 Swamp: 14357620 Monument: 10387313 Ocean: 14357621 Shipwreck: 165745295 End City: 10387313 Slime: 987234911
[11:38:55] [Server thread/INFO]: Registering commands with com.sk89q.worldedit.bukkit.BukkitServerInterface
[11:38:56] [Server thread/INFO]: -------- World Settings For [Spawn_nether] --------
[11:38:56] [Server thread/INFO]: View Distance: 10
[11:38:56] [Server thread/INFO]: Nerfing mobs spawned from spawners: false
[11:38:56] [Server thread/INFO]: Arrow Despawn Rate: 1200 Trident Respawn Rate:1200
[11:38:56] [Server thread/INFO]: Allow Zombie Pigmen to spawn from portal blocks: true
[11:38:56] [Server thread/INFO]: Item Despawn Rate: 6000
[11:38:56] [Server thread/INFO]: Item Merge Radius: 2.5
[11:38:56] [Server thread/INFO]: Zombie Aggressive Towards Villager: true
[11:38:56] [Server thread/INFO]: Mob Spawn Range: 8
[11:38:56] [Server thread/INFO]: Experience Merge Radius: 3.0
[11:38:56] [Server thread/INFO]: Entity Tracking Range: Pl 48 / An 48 / Mo 48 / Mi 32 / Other 64
[11:38:56] [Server thread/INFO]: Hopper Transfer: 8 Hopper Check: 1 Hopper Amount: 1
[11:38:56] [Server thread/INFO]: Cactus Growth Modifier: 100%
[11:38:56] [Server thread/INFO]: Cane Growth Modifier: 100%
[11:38:56] [Server thread/INFO]: Melon Growth Modifier: 100%
[11:38:56] [Server thread/INFO]: Mushroom Growth Modifier: 100%
[11:38:56] [Server thread/INFO]: Pumpkin Growth Modifier: 100%
[11:38:56] [Server thread/INFO]: Sapling Growth Modifier: 100%
[11:38:56] [Server thread/INFO]: Beetroot Growth Modifier: 100%
[11:38:56] [Server thread/INFO]: Carrot Growth Modifier: 100%
[11:38:56] [Server thread/INFO]: Potato Growth Modifier: 100%
[11:38:56] [Server thread/INFO]: Wheat Growth Modifier: 100%
[11:38:56] [Server thread/INFO]: NetherWart Growth Modifier: 100%
[11:38:56] [Server thread/INFO]: Vine Growth Modifier: 100%
[11:38:56] [Server thread/INFO]: Cocoa Growth Modifier: 100%
[11:38:56] [Server thread/INFO]: Bamboo Growth Modifier: 100%
[11:38:56] [Server thread/INFO]: SweetBerry Growth Modifier: 100%
[11:38:56] [Server thread/INFO]: Kelp Growth Modifier: 100%
[11:38:56] [Server thread/INFO]: Entity Activation Range: An 32 / Mo 32 / Ra 48 / Mi 16 / Tiv true
[11:38:56] [Server thread/INFO]: Tile Max Tick Time: 50ms Entity max Tick Time: 50ms
[11:38:56] [Server thread/INFO]: Max TNT Explosions: 100
[11:38:56] [Server thread/INFO]: Custom Map Seeds:  Village: 10387312 Desert: 14357617 Igloo: 14357618 Jungle: 14357619 Swamp: 14357620 Monument: 10387313 Ocean: 14357621 Shipwreck: 165745295 End City: 10387313 Slime: 987234911
[11:38:56] [Server thread/INFO]: -------- World Settings For [Spawn_the_end] --------
[11:38:56] [Server thread/INFO]: View Distance: 10
[11:38:56] [Server thread/INFO]: Nerfing mobs spawned from spawners: false
[11:38:56] [Server thread/INFO]: Arrow Despawn Rate: 1200 Trident Respawn Rate:1200
[11:38:56] [Server thread/INFO]: Allow Zombie Pigmen to spawn from portal blocks: true
[11:38:56] [Server thread/INFO]: Item Despawn Rate: 6000
[11:38:56] [Server thread/INFO]: Item Merge Radius: 2.5
[11:38:56] [Server thread/INFO]: Zombie Aggressive Towards Villager: true
[11:38:56] [Server thread/INFO]: Mob Spawn Range: 8
[11:38:56] [Server thread/INFO]: Experience Merge Radius: 3.0
[11:38:56] [Server thread/INFO]: Entity Tracking Range: Pl 48 / An 48 / Mo 48 / Mi 32 / Other 64
[11:38:56] [Server thread/INFO]: Hopper Transfer: 8 Hopper Check: 1 Hopper Amount: 1
[11:38:56] [Server thread/INFO]: Cactus Growth Modifier: 100%
[11:38:56] [Server thread/INFO]: Cane Growth Modifier: 100%
[11:38:56] [Server thread/INFO]: Melon Growth Modifier: 100%
[11:38:56] [Server thread/INFO]: Mushroom Growth Modifier: 100%
[11:38:56] [Server thread/INFO]: Pumpkin Growth Modifier: 100%
[11:38:56] [Server thread/INFO]: Sapling Growth Modifier: 100%
[11:38:56] [Server thread/INFO]: Beetroot Growth Modifier: 100%
[11:38:56] [Server thread/INFO]: Carrot Growth Modifier: 100%
[11:38:56] [Server thread/INFO]: Potato Growth Modifier: 100%
[11:38:56] [Server thread/INFO]: Wheat Growth Modifier: 100%
[11:38:56] [Server thread/INFO]: NetherWart Growth Modifier: 100%
[11:38:56] [Server thread/INFO]: Vine Growth Modifier: 100%
[11:38:56] [Server thread/INFO]: Cocoa Growth Modifier: 100%
[11:38:56] [Server thread/INFO]: Bamboo Growth Modifier: 100%
[11:38:56] [Server thread/INFO]: SweetBerry Growth Modifier: 100%
[11:38:56] [Server thread/INFO]: Kelp Growth Modifier: 100%
[11:38:56] [Server thread/INFO]: Entity Activation Range: An 32 / Mo 32 / Ra 48 / Mi 16 / Tiv true
[11:38:56] [Server thread/INFO]: Tile Max Tick Time: 50ms Entity max Tick Time: 50ms
[11:38:56] [Server thread/INFO]: Max TNT Explosions: 100
[11:38:56] [Server thread/INFO]: Custom Map Seeds:  Village: 10387312 Desert: 14357617 Igloo: 14357618 Jungle: 14357619 Swamp: 14357620 Monument: 10387313 Ocean: 14357621 Shipwreck: 165745295 End City: 10387313 Slime: 987234911
[11:38:56] [Server thread/INFO]: Preparing start region for dimension 'Spawn'/minecraft:overworld
[11:38:56] [Server thread/INFO]: Loaded 0 spawn chunks for world Spawn
[11:38:56] [Server thread/INFO]: Preparing spawn area: 0%
[11:38:56] [Server thread/INFO]: Time elapsed: 399 ms
[11:38:56] [Server thread/INFO]: Preparing start region for dimension 'Spawn_nether'/minecraft:the_nether
[11:38:56] [Server thread/INFO]: Loaded 0 spawn chunks for world Spawn_nether
[11:38:56] [Server thread/INFO]: Time elapsed: 153 ms
[11:38:56] [Server thread/INFO]: Preparing start region for dimension 'Spawn_the_end'/minecraft:the_end
[11:38:56] [Server thread/INFO]: Loaded 0 spawn chunks for world Spawn_the_end
[11:38:56] [Server thread/INFO]: Time elapsed: 170 ms
[11:38:56] [Server thread/INFO]: [AntiCooldown] Enabling AntiCooldown v3.4
[11:38:56] [Server thread/INFO]: [AntiCooldownLogger] The Plugin will be activated ...
[11:38:56] [Server thread/INFO]: [AntiCooldownLogger] ==================================================
[11:38:56] [Server thread/INFO]: [AntiCooldownLogger] JOIN MY DISCORD NOW: https://discord.gg/73ZDfbx
[11:38:56] [Server thread/INFO]: [AntiCooldownLogger] ==================================================
[11:38:56] [Server thread/INFO]: [AntiCooldownLogger] Config values are loaded into the cache ...
[11:38:56] [Server thread/INFO]: [AntiCooldownLogger] World YourWorldName disabled!
[11:38:56] [Server thread/INFO]: [AntiCooldownLogger] Config values were successfully cached!
[11:38:56] [Server thread/INFO]: [AntiCooldownLogger] Listeners will be registered ...
[11:38:56] [Server thread/INFO]: [AntiCooldownLogger] Listeners have been successfully registered!
[11:38:56] [Server thread/INFO]: [AntiCooldownLogger] Commands will be registered ...
[11:38:56] [Server thread/INFO]: [AntiCooldownLogger] Commands have been successfully registered!
[11:38:56] [Server thread/INFO]: [AntiCooldownLogger] Checking for updates ...
[11:38:57] [Server thread/INFO]: [AntiCooldownLogger] No update available!
[11:38:57] [Server thread/INFO]: [AntiCooldownLogger] Load and activate bStats ...
[11:38:57] [Server thread/INFO]: [AntiCooldownLogger] bStats was successfully loaded and activated!
[11:38:57] [Server thread/INFO]: [AntiCooldownLogger] The plugin was successfully activated!
[11:38:57] [Server thread/INFO]: [PlaceholderAPI] Enabling PlaceholderAPI v2.10.5
[11:38:57] [Server thread/INFO]: [PlaceholderAPI] Fetching available expansion information...
[11:38:57] [Server thread/INFO]: [WorldBorderAPI] Enabling WorldBorderAPI v1.0*
[11:38:57] [Server thread/INFO]: Version: v1_15_R1
[11:38:57] [Server thread/INFO]: [PlugMan] Enabling PlugMan v2.1.7
[11:38:57] [Server thread/INFO]: [WorldCommands] Enabling WorldCommands v1.4.2
[11:38:57] [Server thread/INFO]: [WorldCommands] Has been enabled! Version: 1.4.2
[11:38:57] [Server thread/INFO]: [WorldCommands] Thanks for using my plugin!  ~Ajneb97
[11:38:57] [Server thread/INFO]: [HolographicDisplays] Enabling HolographicDisplays v2.4.1
[11:38:57] [Server thread/INFO]: [WorldGuard] Enabling WorldGuard v7.0.2-SNAPSHOT;bf2593e
[11:38:58] [Server thread/INFO]: [WorldGuard] (Spawn) TNT ignition is PERMITTED.
[11:38:58] [Server thread/INFO]: [WorldGuard] (Spawn) Lighters are PERMITTED.
[11:38:58] [Server thread/INFO]: [WorldGuard] (Spawn) Lava fire is PERMITTED.
[11:38:58] [Server thread/INFO]: [WorldGuard] (Spawn) Fire spread is UNRESTRICTED.
[11:38:58] [Server thread/INFO]: [WorldGuard] Loaded configuration for world 'Spawn'
[11:38:58] [Server thread/INFO]: [WorldGuard] (Spawn_nether) TNT ignition is PERMITTED.
[11:38:58] [Server thread/INFO]: [WorldGuard] (Spawn_nether) Lighters are PERMITTED.
[11:38:58] [Server thread/INFO]: [WorldGuard] (Spawn_nether) Lava fire is PERMITTED.
[11:38:58] [Server thread/INFO]: [WorldGuard] (Spawn_nether) Fire spread is UNRESTRICTED.
[11:38:58] [Server thread/INFO]: [WorldGuard] Loaded configuration for world 'Spawn_nether'
[11:38:58] [Server thread/INFO]: [WorldGuard] (Spawn_the_end) TNT ignition is PERMITTED.
[11:38:58] [Server thread/INFO]: [WorldGuard] (Spawn_the_end) Lighters are PERMITTED.
[11:38:58] [Server thread/INFO]: [WorldGuard] (Spawn_the_end) Lava fire is PERMITTED.
[11:38:58] [Server thread/INFO]: [WorldGuard] (Spawn_the_end) Fire spread is UNRESTRICTED.
[11:38:58] [Server thread/INFO]: [WorldGuard] Loaded configuration for world 'Spawn_the_end'
[11:38:58] [Server thread/INFO]: [WorldGuard] Loading region data...
[11:38:58] [Server thread/INFO]: [ShopGUIPlus] Enabling ShopGUIPlus v1.29.2
[11:38:58] [Server thread/WARN]: [ShopGUIPlus] Error occurred when loading sounds (config.yml), no sounds loaded
[11:38:58] [Server thread/INFO]: [WorldEditSUI] Enabling WorldEditSUI v1.7.1
[11:38:58] [Server thread/INFO]: [WorldEditSUI] Plugin by KennyTV
[11:38:58] [Server thread/INFO]: [Essentials] Enabling Essentials v2.17.2.0
[11:38:58] [Server thread/INFO]: [Essentials] Attempting to convert old kits in config.yml to new kits.yml
[11:38:58] [Server thread/INFO]: [Essentials] No kits found to migrate.
[11:38:58] [Server thread/INFO]: [Essentials] Using 1.8.3+ BlockStateMeta provider as mob spawner provider.
[11:38:58] [Server thread/INFO]: [Essentials] Using 1.13+ flat spawn egg provider as spawn egg provider.
[11:38:59] [Server thread/INFO]: [Essentials] Using 1.9+ BasePotionData provider as potion meta provider.
[11:39:00] [Server thread/INFO]: [Essentials] Loaded 21018 items from items.json.
[11:39:00] [Server thread/INFO]: [Essentials] Using locale en_US
[11:39:00] [Server thread/INFO]: [Essentials] ServerListPingEvent: Spigot iterator API
[11:39:00] [Server thread/INFO]: [Essentials] Starting Metrics. Opt-out using the global bStats config.
[11:39:00] [Server thread/INFO]: [Vault] [Vault][Economy] Essentials Economy hooked.
[11:39:00] [Server thread/INFO]: [Essentials] Using Vault based permissions (LuckPerms)
[11:39:00] [Server thread/INFO]: [DeluxeMenus] Enabling DeluxeMenus v1.13.1-Release
[11:39:00] [Server thread/INFO]: [DeluxeMenus] Hooked into PlaceholderAPI!
[11:39:00] [Server thread/INFO]: [DeluxeMenus] 6 GUI menus loaded!
[11:39:00] [Server thread/INFO]: [DeluxeMenus] You are running the latest version of DeluxeMenus!
[11:39:00] [Server thread/WARN]: [DeluxeMenus] Loaded class net.milkbowl.vault.economy.Economy from Vault v1.7.2-b107 which is not a depend, softdepend or loadbefore of this plugin.
[11:39:00] [Server thread/INFO]: [DeluxeMenus] Successfully hooked into Vault for economy requirement!
[11:39:00] [Server thread/INFO]: [DeluxeMenus] NMS hook has been setup
[11:39:00] [Server thread/INFO]: [CustomJoinMessages] Enabling CustomJoinMessages v12.2*
[11:39:00] [Server thread/INFO]:  _____    _______   _________
[11:39:00] [Server thread/INFO]: |  ___|  |_______| |  _   _  |
[11:39:00] [Server thread/INFO]: | |         | |    | | | | | |
[11:39:00] [Server thread/INFO]: | |         | |    | | | | | |
[11:39:00] [Server thread/INFO]: | |___    __| |    | | |_| | |
[11:39:00] [Server thread/INFO]: |_____|  |____|    |_|     |_|
[11:39:00] [Server thread/INFO]: 
[11:39:00] [Server thread/INFO]: PlaceHolderAPI Hooked.
[11:39:00] [Server thread/INFO]: Vault Hooked.
[11:39:00] [Server thread/INFO]: Custom Join Messages has successfuly started! Total time taken: 21 ms
[11:39:00] [Server thread/INFO]: ==================================================
[11:39:00] [Server thread/INFO]: You are using an outdated version of CJM!
[11:39:00] [Server thread/INFO]: Download the latest version here:
[11:39:00] [Server thread/INFO]: https://www.spigotmc.org/resources/custom-join-messages-vault-placeholderapi-support-1-8-1-15-2.71608/
[11:39:00] [Server thread/INFO]: ==================================================
[11:39:00] [Server thread/INFO]: [EpicSpawners] Enabling EpicSpawners v6.3.9
[11:39:00] [Server thread/INFO]:  
[11:39:00] [Server thread/INFO]: =============================
[11:39:00] [Server thread/INFO]: EpicSpawners 6.3.9 by Songoda <3!
[11:39:00] [Server thread/INFO]: Action: Enabling...
[11:39:00] [Server thread/INFO]: [EpicSpawners] Loaded locale "en_US"
[11:39:00] [Server thread/INFO]: [SongodaCore] Hooked EpicSpawners.
[11:39:01] [Server thread/INFO]: [ShopGUIPlus] Registered spawners support for EpicSpawners.
[11:39:01] [Server thread/INFO]: [EpicSpawners] Data handler connected using SQLite.
[11:39:01] [Server thread/INFO]: =============================
[11:39:01] [Server thread/INFO]:  
[11:39:01] [Server thread/INFO]: [BeastWithdraw] Enabling BeastWithdraw v2.8.1
[11:39:01] [Server thread/INFO]: [BeastWithdraw] /XpBottle command aliases [xpb, beastxpb, bottle] are regitered
[11:39:01] [Server thread/INFO]: [BeastWithdraw] /bWithdraw command aliases [cashnote, withdraw, moneywithdraw, moneynote] are regitered
[11:39:01] [Server thread/INFO]: [BeastWithdraw] Version 2.8.1 : has been enabled!
[11:39:01] [Server thread/INFO]: [Multiverse-Core] Enabling Multiverse-Core v2.5-b719*
[11:39:01] [Server thread/WARN]: [Multiverse-Core] "Multiverse-Core v2.5-b719" has registered a listener for org.bukkit.event.entity.EntityCreatePortalEvent on method "public void com.onarandombox.MultiverseCore.listeners.MVPortalListener.entityPortalCreate(org.bukkit.event.entity.EntityCreatePortalEvent)", but the event is Deprecated. "Server performance will be affected"; please notify the authors [Rigby, fernferret, lithium3141, main--].
[11:39:02] [Server thread/INFO]: -------- World Settings For [world_the_end] --------
[11:39:02] [Server thread/INFO]: View Distance: 10
[11:39:02] [Server thread/INFO]: Nerfing mobs spawned from spawners: false
[11:39:02] [Server thread/INFO]: Arrow Despawn Rate: 1200 Trident Respawn Rate:1200
[11:39:02] [Server thread/INFO]: Allow Zombie Pigmen to spawn from portal blocks: true
[11:39:02] [Server thread/INFO]: Item Despawn Rate: 6000
[11:39:02] [Server thread/INFO]: Item Merge Radius: 2.5
[11:39:02] [Server thread/INFO]: Zombie Aggressive Towards Villager: true
[11:39:02] [Server thread/INFO]: Mob Spawn Range: 8
[11:39:02] [Server thread/INFO]: Experience Merge Radius: 3.0
[11:39:02] [Server thread/INFO]: Entity Tracking Range: Pl 48 / An 48 / Mo 48 / Mi 32 / Other 64
[11:39:02] [Server thread/INFO]: Hopper Transfer: 8 Hopper Check: 1 Hopper Amount: 1
[11:39:02] [Server thread/INFO]: Cactus Growth Modifier: 100%
[11:39:02] [Server thread/INFO]: Cane Growth Modifier: 100%
[11:39:02] [Server thread/INFO]: Melon Growth Modifier: 100%
[11:39:02] [Server thread/INFO]: Mushroom Growth Modifier: 100%
[11:39:02] [Server thread/INFO]: Pumpkin Growth Modifier: 100%
[11:39:02] [Server thread/INFO]: Sapling Growth Modifier: 100%
[11:39:02] [Server thread/INFO]: Beetroot Growth Modifier: 100%
[11:39:02] [Server thread/INFO]: Carrot Growth Modifier: 100%
[11:39:02] [Server thread/INFO]: Potato Growth Modifier: 100%
[11:39:02] [Server thread/INFO]: Wheat Growth Modifier: 100%
[11:39:02] [Server thread/INFO]: NetherWart Growth Modifier: 100%
[11:39:02] [Server thread/INFO]: Vine Growth Modifier: 100%
[11:39:02] [Server thread/INFO]: Cocoa Growth Modifier: 100%
[11:39:02] [Server thread/INFO]: Bamboo Growth Modifier: 100%
[11:39:02] [Server thread/INFO]: SweetBerry Growth Modifier: 100%
[11:39:02] [Server thread/INFO]: Kelp Growth Modifier: 100%
[11:39:02] [Server thread/INFO]: Entity Activation Range: An 32 / Mo 32 / Ra 48 / Mi 16 / Tiv true
[11:39:02] [Server thread/INFO]: Tile Max Tick Time: 50ms Entity max Tick Time: 50ms
[11:39:02] [Server thread/INFO]: Max TNT Explosions: 100
[11:39:02] [Server thread/INFO]: Custom Map Seeds:  Village: 10387312 Desert: 14357617 Igloo: 14357618 Jungle: 14357619 Swamp: 14357620 Monument: 10387313 Ocean: 14357621 Shipwreck: 165745295 End City: 10387313 Slime: 987234911
[11:39:02] [Server thread/INFO]: Preparing start region for dimension 'world_the_end'/minecraft:the_end
[11:39:02] [Server thread/INFO]: Loaded 0 spawn chunks for world world_the_end
[11:39:02] [Server thread/INFO]: Preparing spawn area: 0%
[11:39:02] [Server thread/INFO]: Preparing spawn area: 0%
[11:39:02] [Server thread/INFO]: Time elapsed: 747 ms
[11:39:02] [Server thread/INFO]: [WorldGuard] (world_the_end) TNT ignition is PERMITTED.
[11:39:02] [Server thread/INFO]: [WorldGuard] (world_the_end) Lighters are PERMITTED.
[11:39:02] [Server thread/INFO]: [WorldGuard] (world_the_end) Lava fire is PERMITTED.
[11:39:02] [Server thread/INFO]: [WorldGuard] (world_the_end) Fire spread is UNRESTRICTED.
[11:39:02] [Server thread/INFO]: [WorldGuard] Loaded configuration for world 'world_the_end'
[11:39:03] [Server thread/INFO]: -------- World Settings For [world_nether] --------
[11:39:03] [Server thread/INFO]: View Distance: 10
[11:39:03] [Server thread/INFO]: Nerfing mobs spawned from spawners: false
[11:39:03] [Server thread/INFO]: Arrow Despawn Rate: 1200 Trident Respawn Rate:1200
[11:39:03] [Server thread/INFO]: Allow Zombie Pigmen to spawn from portal blocks: true
[11:39:03] [Server thread/INFO]: Item Despawn Rate: 6000
[11:39:03] [Server thread/INFO]: Item Merge Radius: 2.5
[11:39:03] [Server thread/INFO]: Zombie Aggressive Towards Villager: true
[11:39:03] [Server thread/INFO]: Mob Spawn Range: 8
[11:39:03] [Server thread/INFO]: Experience Merge Radius: 3.0
[11:39:03] [Server thread/INFO]: Entity Tracking Range: Pl 48 / An 48 / Mo 48 / Mi 32 / Other 64
[11:39:03] [Server thread/INFO]: Hopper Transfer: 8 Hopper Check: 1 Hopper Amount: 1
[11:39:03] [Server thread/INFO]: Cactus Growth Modifier: 100%
[11:39:03] [Server thread/INFO]: Cane Growth Modifier: 100%
[11:39:03] [Server thread/INFO]: Melon Growth Modifier: 100%
[11:39:03] [Server thread/INFO]: Mushroom Growth Modifier: 100%
[11:39:03] [Server thread/INFO]: Pumpkin Growth Modifier: 100%
[11:39:03] [Server thread/INFO]: Sapling Growth Modifier: 100%
[11:39:03] [Server thread/INFO]: Beetroot Growth Modifier: 100%
[11:39:03] [Server thread/INFO]: Carrot Growth Modifier: 100%
[11:39:03] [Server thread/INFO]: Potato Growth Modifier: 100%
[11:39:03] [Server thread/INFO]: Wheat Growth Modifier: 100%
[11:39:03] [Server thread/INFO]: NetherWart Growth Modifier: 100%
[11:39:03] [Server thread/INFO]: Vine Growth Modifier: 100%
[11:39:03] [Server thread/INFO]: Cocoa Growth Modifier: 100%
[11:39:03] [Server thread/INFO]: Bamboo Growth Modifier: 100%
[11:39:03] [Server thread/INFO]: SweetBerry Growth Modifier: 100%
[11:39:03] [Server thread/INFO]: Kelp Growth Modifier: 100%
[11:39:03] [Server thread/INFO]: Entity Activation Range: An 32 / Mo 32 / Ra 48 / Mi 16 / Tiv true
[11:39:03] [Server thread/INFO]: Tile Max Tick Time: 50ms Entity max Tick Time: 50ms
[11:39:03] [Server thread/INFO]: Max TNT Explosions: 100
[11:39:03] [Server thread/INFO]: Custom Map Seeds:  Village: 10387312 Desert: 14357617 Igloo: 14357618 Jungle: 14357619 Swamp: 14357620 Monument: 10387313 Ocean: 14357621 Shipwreck: 165745295 End City: 10387313 Slime: 987234911
[11:39:03] [Server thread/INFO]: Preparing start region for dimension 'world_nether'/minecraft:the_nether
[11:39:03] [Server thread/INFO]: Loaded 0 spawn chunks for world world_nether
[11:39:03] [Server thread/INFO]: Preparing spawn area: 0%
[11:39:03] [Server thread/INFO]: Time elapsed: 137 ms
[11:39:03] [Server thread/INFO]: [WorldGuard] (world_nether) TNT ignition is PERMITTED.
[11:39:03] [Server thread/INFO]: [WorldGuard] (world_nether) Lighters are PERMITTED.
[11:39:03] [Server thread/INFO]: [WorldGuard] (world_nether) Lava fire is PERMITTED.
[11:39:03] [Server thread/INFO]: [WorldGuard] (world_nether) Fire spread is UNRESTRICTED.
[11:39:03] [Server thread/INFO]: [WorldGuard] Loaded configuration for world 'world_nether'
[11:39:03] [Server thread/INFO]: -------- World Settings For [bskyblock_world_nether] --------
[11:39:03] [Server thread/INFO]: View Distance: 10
[11:39:03] [Server thread/INFO]: Nerfing mobs spawned from spawners: false
[11:39:03] [Server thread/INFO]: Arrow Despawn Rate: 1200 Trident Respawn Rate:1200
[11:39:03] [Server thread/INFO]: Allow Zombie Pigmen to spawn from portal blocks: true
[11:39:03] [Server thread/INFO]: Item Despawn Rate: 6000
[11:39:03] [Server thread/INFO]: Item Merge Radius: 2.5
[11:39:03] [Server thread/INFO]: Zombie Aggressive Towards Villager: true
[11:39:03] [Server thread/INFO]: Mob Spawn Range: 8
[11:39:03] [Server thread/INFO]: Experience Merge Radius: 3.0
[11:39:03] [Server thread/INFO]: Entity Tracking Range: Pl 48 / An 48 / Mo 48 / Mi 32 / Other 64
[11:39:03] [Server thread/INFO]: Hopper Transfer: 8 Hopper Check: 1 Hopper Amount: 1
[11:39:03] [Server thread/INFO]: Cactus Growth Modifier: 100%
[11:39:03] [Server thread/INFO]: Cane Growth Modifier: 100%
[11:39:03] [Server thread/INFO]: Melon Growth Modifier: 100%
[11:39:03] [Server thread/INFO]: Mushroom Growth Modifier: 100%
[11:39:03] [Server thread/INFO]: Pumpkin Growth Modifier: 100%
[11:39:03] [Server thread/INFO]: Sapling Growth Modifier: 100%
[11:39:03] [Server thread/INFO]: Beetroot Growth Modifier: 100%
[11:39:03] [Server thread/INFO]: Carrot Growth Modifier: 100%
[11:39:03] [Server thread/INFO]: Potato Growth Modifier: 100%
[11:39:03] [Server thread/INFO]: Wheat Growth Modifier: 100%
[11:39:03] [Server thread/INFO]: NetherWart Growth Modifier: 100%
[11:39:03] [Server thread/INFO]: Vine Growth Modifier: 100%
[11:39:03] [Server thread/INFO]: Cocoa Growth Modifier: 100%
[11:39:03] [Server thread/INFO]: Bamboo Growth Modifier: 100%
[11:39:03] [Server thread/INFO]: SweetBerry Growth Modifier: 100%
[11:39:03] [Server thread/INFO]: Kelp Growth Modifier: 100%
[11:39:03] [Server thread/INFO]: Entity Activation Range: An 32 / Mo 32 / Ra 48 / Mi 16 / Tiv true
[11:39:03] [Server thread/INFO]: Tile Max Tick Time: 50ms Entity max Tick Time: 50ms
[11:39:03] [Server thread/INFO]: Max TNT Explosions: 100
[11:39:03] [Server thread/INFO]: Custom Map Seeds:  Village: 10387312 Desert: 14357617 Igloo: 14357618 Jungle: 14357619 Swamp: 14357620 Monument: 10387313 Ocean: 14357621 Shipwreck: 165745295 End City: 10387313 Slime: 987234911
[11:39:03] [Server thread/INFO]: Preparing start region for dimension 'bskyblock_world_nether'/minecraft:the_nether
[11:39:03] [Server thread/INFO]: Loaded 0 spawn chunks for world bskyblock_world_nether
[11:39:03] [Server thread/INFO]: Time elapsed: 90 ms
[11:39:03] [Server thread/INFO]: [WorldGuard] (bskyblock_world_nether) TNT ignition is PERMITTED.
[11:39:03] [Server thread/INFO]: [WorldGuard] (bskyblock_world_nether) Lighters are PERMITTED.
[11:39:03] [Server thread/INFO]: [WorldGuard] (bskyblock_world_nether) Lava fire is PERMITTED.
[11:39:03] [Server thread/INFO]: [WorldGuard] (bskyblock_world_nether) Fire spread is UNRESTRICTED.
[11:39:03] [Server thread/INFO]: [WorldGuard] Loaded configuration for world 'bskyblock_world_nether'
[11:39:03] [Server thread/INFO]: -------- World Settings For [bskyblock_world_the_end] --------
[11:39:03] [Server thread/INFO]: View Distance: 10
[11:39:03] [Server thread/INFO]: Nerfing mobs spawned from spawners: false
[11:39:03] [Server thread/INFO]: Arrow Despawn Rate: 1200 Trident Respawn Rate:1200
[11:39:03] [Server thread/INFO]: Allow Zombie Pigmen to spawn from portal blocks: true
[11:39:03] [Server thread/INFO]: Item Despawn Rate: 6000
[11:39:03] [Server thread/INFO]: Item Merge Radius: 2.5
[11:39:03] [Server thread/INFO]: Zombie Aggressive Towards Villager: true
[11:39:03] [Server thread/INFO]: Mob Spawn Range: 8
[11:39:03] [Server thread/INFO]: Experience Merge Radius: 3.0
[11:39:03] [Server thread/INFO]: Entity Tracking Range: Pl 48 / An 48 / Mo 48 / Mi 32 / Other 64
[11:39:03] [Server thread/INFO]: Hopper Transfer: 8 Hopper Check: 1 Hopper Amount: 1
[11:39:03] [Server thread/INFO]: Cactus Growth Modifier: 100%
[11:39:03] [Server thread/INFO]: Cane Growth Modifier: 100%
[11:39:03] [Server thread/INFO]: Melon Growth Modifier: 100%
[11:39:03] [Server thread/INFO]: Mushroom Growth Modifier: 100%
[11:39:03] [Server thread/INFO]: Pumpkin Growth Modifier: 100%
[11:39:03] [Server thread/INFO]: Sapling Growth Modifier: 100%
[11:39:03] [Server thread/INFO]: Beetroot Growth Modifier: 100%
[11:39:03] [Server thread/INFO]: Carrot Growth Modifier: 100%
[11:39:03] [Server thread/INFO]: Potato Growth Modifier: 100%
[11:39:03] [Server thread/INFO]: Wheat Growth Modifier: 100%
[11:39:03] [Server thread/INFO]: NetherWart Growth Modifier: 100%
[11:39:03] [Server thread/INFO]: Vine Growth Modifier: 100%
[11:39:03] [Server thread/INFO]: Cocoa Growth Modifier: 100%
[11:39:03] [Server thread/INFO]: Bamboo Growth Modifier: 100%
[11:39:03] [Server thread/INFO]: SweetBerry Growth Modifier: 100%
[11:39:03] [Server thread/INFO]: Kelp Growth Modifier: 100%
[11:39:03] [Server thread/INFO]: Entity Activation Range: An 32 / Mo 32 / Ra 48 / Mi 16 / Tiv true
[11:39:03] [Server thread/INFO]: Tile Max Tick Time: 50ms Entity max Tick Time: 50ms
[11:39:03] [Server thread/INFO]: Max TNT Explosions: 100
[11:39:03] [Server thread/INFO]: Custom Map Seeds:  Village: 10387312 Desert: 14357617 Igloo: 14357618 Jungle: 14357619 Swamp: 14357620 Monument: 10387313 Ocean: 14357621 Shipwreck: 165745295 End City: 10387313 Slime: 987234911
[11:39:03] [Server thread/INFO]: Preparing start region for dimension 'bskyblock_world_the_end'/minecraft:the_end
[11:39:03] [Server thread/INFO]: Loaded 0 spawn chunks for world bskyblock_world_the_end
[11:39:03] [Server thread/INFO]: Time elapsed: 77 ms
[11:39:03] [Server thread/INFO]: [WorldGuard] (bskyblock_world_the_end) TNT ignition is PERMITTED.
[11:39:03] [Server thread/INFO]: [WorldGuard] (bskyblock_world_the_end) Lighters are PERMITTED.
[11:39:03] [Server thread/INFO]: [WorldGuard] (bskyblock_world_the_end) Lava fire is PERMITTED.
[11:39:03] [Server thread/INFO]: [WorldGuard] (bskyblock_world_the_end) Fire spread is UNRESTRICTED.
[11:39:03] [Server thread/INFO]: [WorldGuard] Loaded configuration for world 'bskyblock_world_the_end'
[11:39:03] [Server thread/INFO]: -------- World Settings For [bskyblock_world] --------
[11:39:03] [Server thread/INFO]: View Distance: 10
[11:39:03] [Server thread/INFO]: Nerfing mobs spawned from spawners: false
[11:39:03] [Server thread/INFO]: Arrow Despawn Rate: 1200 Trident Respawn Rate:1200
[11:39:03] [Server thread/INFO]: Allow Zombie Pigmen to spawn from portal blocks: true
[11:39:03] [Server thread/INFO]: Item Despawn Rate: 6000
[11:39:03] [Server thread/INFO]: Item Merge Radius: 2.5
[11:39:03] [Server thread/INFO]: Zombie Aggressive Towards Villager: true
[11:39:03] [Server thread/INFO]: Mob Spawn Range: 8
[11:39:03] [Server thread/INFO]: Experience Merge Radius: 3.0
[11:39:03] [Server thread/INFO]: Entity Tracking Range: Pl 48 / An 48 / Mo 48 / Mi 32 / Other 64
[11:39:03] [Server thread/INFO]: Hopper Transfer: 8 Hopper Check: 1 Hopper Amount: 1
[11:39:03] [Server thread/INFO]: Cactus Growth Modifier: 100%
[11:39:03] [Server thread/INFO]: Cane Growth Modifier: 100%
[11:39:03] [Server thread/INFO]: Melon Growth Modifier: 100%
[11:39:03] [Server thread/INFO]: Mushroom Growth Modifier: 100%
[11:39:03] [Server thread/INFO]: Pumpkin Growth Modifier: 100%
[11:39:03] [Server thread/INFO]: Sapling Growth Modifier: 100%
[11:39:03] [Server thread/INFO]: Beetroot Growth Modifier: 100%
[11:39:03] [Server thread/INFO]: Carrot Growth Modifier: 100%
[11:39:03] [Server thread/INFO]: Potato Growth Modifier: 100%
[11:39:03] [Server thread/INFO]: Wheat Growth Modifier: 100%
[11:39:03] [Server thread/INFO]: NetherWart Growth Modifier: 100%
[11:39:03] [Server thread/INFO]: Vine Growth Modifier: 100%
[11:39:03] [Server thread/INFO]: Cocoa Growth Modifier: 100%
[11:39:03] [Server thread/INFO]: Bamboo Growth Modifier: 100%
[11:39:03] [Server thread/INFO]: SweetBerry Growth Modifier: 100%
[11:39:03] [Server thread/INFO]: Kelp Growth Modifier: 100%
[11:39:03] [Server thread/INFO]: Entity Activation Range: An 32 / Mo 32 / Ra 48 / Mi 16 / Tiv true
[11:39:03] [Server thread/INFO]: Tile Max Tick Time: 50ms Entity max Tick Time: 50ms
[11:39:03] [Server thread/INFO]: Max TNT Explosions: 100
[11:39:03] [Server thread/INFO]: Custom Map Seeds:  Village: 10387312 Desert: 14357617 Igloo: 14357618 Jungle: 14357619 Swamp: 14357620 Monument: 10387313 Ocean: 14357621 Shipwreck: 165745295 End City: 10387313 Slime: 987234911
[11:39:03] [Server thread/INFO]: Preparing start region for dimension 'bskyblock_world'/minecraft:overworld
[11:39:03] [Server thread/INFO]: Loaded 0 spawn chunks for world bskyblock_world
[11:39:03] [Server thread/INFO]: Time elapsed: 87 ms
[11:39:03] [Server thread/INFO]: [WorldGuard] (bskyblock_world) TNT ignition is PERMITTED.
[11:39:03] [Server thread/INFO]: [WorldGuard] (bskyblock_world) Lighters are PERMITTED.
[11:39:03] [Server thread/INFO]: [WorldGuard] (bskyblock_world) Lava fire is PERMITTED.
[11:39:03] [Server thread/INFO]: [WorldGuard] (bskyblock_world) Fire spread is UNRESTRICTED.
[11:39:03] [Server thread/INFO]: [WorldGuard] Loaded configuration for world 'bskyblock_world'
[11:39:03] [Server thread/INFO]: [Multiverse-Core] 8 - World(s) loaded.
[11:39:03] [Server thread/INFO]: [Multiverse-Core] Version 2.5-b719 (API v20) Enabled - By Rigby, fernferret, lithium3141 and main--
[11:39:03] [Server thread/INFO]: [DeluxeChat] Enabling DeluxeChat v1.15.0
[11:39:03] [Server thread/INFO]: [DeluxeChat] 10 formats loaded!
[11:39:03] [Server thread/INFO]: [DeluxeChat] Loading DeluxeChat messages.yml
[11:39:03] [Server thread/INFO]: [DeluxeChat] Detected Vault
[11:39:03] [Server thread/INFO]: [DeluxeChat] Hooked into Vault
[11:39:04] [Server thread/INFO]: ----------------------------
[11:39:04] [Server thread/INFO]:      DeluxeChat Updater
[11:39:04] [Server thread/INFO]:  
[11:39:04] [Server thread/INFO]: You are running 1.15.0
[11:39:04] [Server thread/INFO]: The latest version
[11:39:04] [Server thread/INFO]: of DeluxeChat!
[11:39:04] [Server thread/INFO]:  
[11:39:04] [Server thread/INFO]: ----------------------------
[11:39:04] [Server thread/INFO]: [WorldGuardExtraFlags] Enabling WorldGuardExtraFlags v4.1.3
[11:39:04] [Server thread/INFO]: [WorldGuard] Registering session handler net.goldtreeservers.worldguardextraflags.wg.handlers.TeleportOnEntryFlagHandler
[11:39:04] [Server thread/INFO]: [WorldGuard] Registering session handler net.goldtreeservers.worldguardextraflags.wg.handlers.TeleportOnExitFlagHandler
[11:39:04] [Server thread/INFO]: [WorldGuard] Registering session handler net.goldtreeservers.worldguardextraflags.wg.handlers.CommandOnEntryFlagHandler
[11:39:04] [Server thread/INFO]: [WorldGuard] Registering session handler net.goldtreeservers.worldguardextraflags.wg.handlers.CommandOnExitFlagHandler
[11:39:04] [Server thread/INFO]: [WorldGuard] Registering session handler net.goldtreeservers.worldguardextraflags.wg.handlers.ConsoleCommandOnEntryFlagHandler
[11:39:04] [Server thread/INFO]: [WorldGuard] Registering session handler net.goldtreeservers.worldguardextraflags.wg.handlers.ConsoleCommandOnExitFlagHandler
[11:39:04] [Server thread/INFO]: [WorldGuard] Registering session handler net.goldtreeservers.worldguardextraflags.wg.handlers.WalkSpeedFlagHandler
[11:39:04] [Server thread/INFO]: [WorldGuard] Registering session handler net.goldtreeservers.worldguardextraflags.wg.handlers.BlockedEffectsFlagHandler
[11:39:04] [Server thread/INFO]: [WorldGuard] Registering session handler net.goldtreeservers.worldguardextraflags.wg.handlers.GodmodeFlagHandler
[11:39:04] [Server thread/INFO]: [WorldGuard] Registering session handler net.goldtreeservers.worldguardextraflags.wg.handlers.GiveEffectsFlagHandler
[11:39:04] [Server thread/INFO]: [WorldGuard] Registering session handler net.goldtreeservers.worldguardextraflags.wg.handlers.FlyFlagHandler
[11:39:04] [Server thread/INFO]: [WorldGuard] Registering session handler net.goldtreeservers.worldguardextraflags.wg.handlers.PlaySoundsFlagHandler
[11:39:04] [Server thread/INFO]: [WorldGuard] Registering session handler net.goldtreeservers.worldguardextraflags.wg.handlers.GlideFlagHandler
[11:39:04] [Server thread/INFO]: [TabList] Enabling TabList v5.3.1
[11:39:04] [Server thread/WARN]: [TabList] Found outdated configuration (config.yml)! (Your version: 16 | Newest version: 17)
[11:39:04] [Server thread/INFO]: [TabList] Hooked PlaceholderAPI version: 2.10.5
[11:39:04] [Server thread/INFO]: [TabList] You're running the latest version.
[11:39:04] [Server thread/INFO]: [TabList] Metrics enabled.
[11:39:04] [Server thread/INFO]: [TabList] > The plugin successfully enabled v5.3.1!
[11:39:05] [Server thread/INFO]: [PlaceholderAPI] Placeholder expansion registration initializing...
[11:39:05] [Server thread/WARN]: [PlaceholderAPI] File: example.js for javascript placeholder: example is empty
[11:39:05] [Server thread/INFO]: [PlaceholderAPI] %javascript_border% has been loaded!
[11:39:05] [Server thread/INFO]: [PlaceholderAPI] %javascript_team% has been loaded!
[11:39:05] [Server thread/INFO]: [PlaceholderAPI] %javascript_homes% has been loaded!
[11:39:05] [Server thread/INFO]: [PlaceholderAPI] Successfully registered expansion: javascript
[11:39:05] [Server thread/WARN]: [PlaceholderAPI] Loaded class net.luckperms.api.LuckPerms from LuckPerms v5.0.72 which is not a depend, softdepend or loadbefore of this plugin.
[11:39:05] [Server thread/INFO]: [PlaceholderAPI] Successfully registered expansion: luckperms
[11:39:05] [Server thread/INFO]: [PlaceholderAPI] Successfully registered expansion: player
[11:39:05] [Server thread/INFO]: [PlaceholderAPI] Successfully registered expansion: server
[11:39:05] [Server thread/WARN]: [PlaceholderAPI] Loaded class net.milkbowl.vault.economy.Economy from Vault v1.7.2-b107 which is not a depend, softdepend or loadbefore of this plugin.
[11:39:05] [Server thread/INFO]: [PlaceholderAPI] Successfully registered expansion: vault
[11:39:05] [Server thread/INFO]: Done (11.067s)! For help, type "help"
[11:39:05] [Server thread/INFO]: Timings Reset
[11:39:05] [Server thread/INFO]: [BentoBox] Hooking with PlaceholderAPI...
[11:39:05] [Server thread/INFO]: [BentoBox] Enabling addons...
[11:39:05] [Server thread/INFO]: [BentoBox] Enabling BSkyBlock...
[11:39:05] [Craft Scheduler Thread - 31/INFO]: [Vault] Checking for Updates ... 
[11:39:05] [Server thread/INFO]: [BentoBox] Loading biomes...
[11:39:05] [Server thread/INFO]: [BentoBox] Enabling Biomes...
[11:39:05] [Server thread/INFO]: [BentoBox] [Border] Border hooking into BSkyBlock
[11:39:05] [Server thread/INFO]: [BentoBox] Enabling Border...
[11:39:05] [Server thread/INFO]: [BentoBox] [Challenges] Loading challenges...
[11:39:05] [Craft Scheduler Thread - 23/INFO]: [BeastWithdraw] There is not a new update available.
[11:39:05] [Server thread/INFO]: [BentoBox] Enabling Challenges...
[11:39:05] [Server thread/INFO]: [BentoBox] [Chat] Hooking team chat into BSkyBlock
[11:39:05] [Server thread/INFO]: [BentoBox] [Chat] Hooking island chat into BSkyBlock
[11:39:05] [Server thread/INFO]: [BentoBox] Enabling Chat...
[11:39:05] [Server thread/INFO]: [BentoBox] Loading control panels...
[11:39:05] [Craft Scheduler Thread - 16/INFO]: [PlaceholderAPI] 172 placeholder expansions are available on the cloud.
[11:39:05] [Server thread/INFO]: [BentoBox] Enabling ControlPanel...
[11:39:05] [Server thread/WARN]: [BentoBox] [Level] Level Addon: No such world in config.yml : acidisland_world
[11:39:05] [Server thread/INFO]: [BentoBox] [Level] Level hooking into BSkyBlock
[11:39:05] [Server thread/INFO]: [BentoBox] Enabling Level...
[11:39:05] [Server thread/INFO]: [BentoBox] [Warps] Loading warps...
[11:39:05] [Server thread/INFO]: [BentoBox] Enabling Warps...
[11:39:05] [Server thread/INFO]: [BentoBox] Addons successfully enabled.
[11:39:05] [Server thread/INFO]: [BentoBox] Hooking with Multiverse-Core...
[11:39:05] [Server thread/INFO]: Multiverse already knows about 'bskyblock_world'!
[11:39:05] [Server thread/INFO]: Success! Property generator was set to BentoBox
[11:39:05] [Server thread/INFO]: Multiverse already knows about 'bskyblock_world_nether'!
[11:39:05] [Server thread/INFO]: Success! Property generator was set to BentoBox
[11:39:05] [Server thread/INFO]: Multiverse already knows about 'bskyblock_world_the_end'!
[11:39:05] [Server thread/INFO]: Success! Property generator was set to BentoBox
[11:39:05] [Server thread/INFO]: [BentoBox] Hooking with WorldEdit...
[11:39:05] [Server thread/INFO]: 
  ____             _        ____
 |  _ \           | |      |  _ \             by tastybento and Poslovitch
 | |_) | ___ _ __ | |_ ___ | |_) | _____  __  2017 - 2019
 |  _ < / _ \ '_ \| __/ _ \|  _ < / _ \ \/ /
 | |_) |  __/ | | | || (_) | |_) | (_) >  <   v1.12.0
 |____/ \___|_| |_|\__\___/|____/ \___/_/\_\  Loaded in 3020ms.

[11:39:05] [Server thread/INFO]: [ShopGUIPlus] ================================[ ShopGUI+ 1.29.2 ]================================
[11:39:05] [Server thread/INFO]: [ShopGUIPlus]  
[11:39:05] [Server thread/INFO]: [ShopGUIPlus] Vault economy support enabled.
[11:39:05] [Server thread/INFO]: [ShopGUIPlus] Using Vault as default economy provider.
[11:39:05] [Server thread/INFO]: [ShopGUIPlus] Permissions support enabled.
[11:39:05] [Server thread/INFO]: [ShopGUIPlus] Using EpicSpawners for spawners support.
[11:39:06] [Craft Scheduler Thread - 31/INFO]: [Vault] No new version available
[11:39:15] [Paper Watchdog Thread/ERROR]: --- DO NOT REPORT THIS TO PAPER - THIS IS NOT A BUG OR A CRASH  - git-Paper-231 (MC: 1.15.2) ---
[11:39:15] [Paper Watchdog Thread/ERROR]: The server has not responded for 10 seconds! Creating thread dump
[11:39:15] [Paper Watchdog Thread/ERROR]: ------------------------------
[11:39:15] [Paper Watchdog Thread/ERROR]: Server thread dump (Look for plugins here before reporting to Paper!):
[11:39:15] [Paper Watchdog Thread/ERROR]: ------------------------------
[11:39:15] [Paper Watchdog Thread/ERROR]: Current Thread: Server thread
[11:39:15] [Paper Watchdog Thread/ERROR]: 	PID: 25 | Suspended: false | Native: true | State: RUNNABLE
[11:39:15] [Paper Watchdog Thread/ERROR]: 	Stack:
[11:39:15] [Paper Watchdog Thread/ERROR]: 		java.net.SocketInputStream.socketRead0(Native Method)
[11:39:15] [Paper Watchdog Thread/ERROR]: 		java.net.SocketInputStream.socketRead(Unknown Source)
[11:39:15] [Paper Watchdog Thread/ERROR]: 		java.net.SocketInputStream.read(Unknown Source)
[11:39:15] [Paper Watchdog Thread/ERROR]: 		java.net.SocketInputStream.read(Unknown Source)
[11:39:15] [Paper Watchdog Thread/ERROR]: 		sun.security.ssl.InputRecord.readFully(Unknown Source)
[11:39:15] [Paper Watchdog Thread/ERROR]: 		sun.security.ssl.InputRecord.read(Unknown Source)
[11:39:15] [Paper Watchdog Thread/ERROR]: 		sun.security.ssl.SSLSocketImpl.readRecord(Unknown Source)
[11:39:15] [Paper Watchdog Thread/ERROR]: 		sun.security.ssl.SSLSocketImpl.readDataRecord(Unknown Source)
[11:39:15] [Paper Watchdog Thread/ERROR]: 		sun.security.ssl.AppInputStream.read(Unknown Source)
[11:39:15] [Paper Watchdog Thread/ERROR]: 		java.io.BufferedInputStream.fill(Unknown Source)
[11:39:15] [Paper Watchdog Thread/ERROR]: 		java.io.BufferedInputStream.read1(Unknown Source)
[11:39:15] [Paper Watchdog Thread/ERROR]: 		java.io.BufferedInputStream.read(Unknown Source)
[11:39:15] [Paper Watchdog Thread/ERROR]: 		sun.net.www.http.HttpClient.parseHTTPHeader(Unknown Source)
[11:39:15] [Paper Watchdog Thread/ERROR]: 		sun.net.www.http.HttpClient.parseHTTP(Unknown Source)
[11:39:15] [Paper Watchdog Thread/ERROR]: 		sun.net.www.protocol.http.HttpURLConnection.getInputStream0(Unknown Source)
[11:39:15] [Paper Watchdog Thread/ERROR]: 		sun.net.www.protocol.http.HttpURLConnection.getInputStream(Unknown Source)
[11:39:15] [Paper Watchdog Thread/ERROR]: 		sun.net.www.protocol.https.HttpsURLConnectionImpl.getInputStream(Unknown Source)
[11:39:15] [Paper Watchdog Thread/ERROR]: 		com.mojang.authlib.HttpAuthenticationService.performGetRequest(HttpAuthenticationService.java:130)
[11:39:15] [Paper Watchdog Thread/ERROR]: 		com.mojang.authlib.yggdrasil.YggdrasilAuthenticationService.makeRequest(YggdrasilAuthenticationService.java:66)
[11:39:15] [Paper Watchdog Thread/ERROR]: 		com.mojang.authlib.yggdrasil.YggdrasilMinecraftSessionService.fillGameProfile(YggdrasilMinecraftSessionService.java:180)
[11:39:15] [Paper Watchdog Thread/ERROR]: 		com.destroystokyo.paper.profile.PaperMinecraftSessionService.fillGameProfile(PaperMinecraftSessionService.java:37)
[11:39:15] [Paper Watchdog Thread/ERROR]: 		com.mojang.authlib.yggdrasil.YggdrasilMinecraftSessionService.fillProfileProperties(YggdrasilMinecraftSessionService.java:173)
[11:39:15] [Paper Watchdog Thread/ERROR]: 		com.destroystokyo.paper.profile.PaperMinecraftSessionService.fillProfileProperties(PaperMinecraftSessionService.java:30)
[11:39:15] [Paper Watchdog Thread/ERROR]: 		net.minecraft.server.v1_15_R1.TileEntitySkull$1.load(TileEntitySkull.java:77)
[11:39:15] [Paper Watchdog Thread/ERROR]: 		net.minecraft.server.v1_15_R1.TileEntitySkull$1.load(TileEntitySkull.java:44)
[11:39:15] [Paper Watchdog Thread/ERROR]: 		com.google.common.cache.LocalCache$LoadingValueReference.loadFuture(LocalCache.java:3716)
[11:39:15] [Paper Watchdog Thread/ERROR]: 		com.google.common.cache.LocalCache$Segment.loadSync(LocalCache.java:2424)
[11:39:15] [Paper Watchdog Thread/ERROR]: 		com.google.common.cache.LocalCache$Segment.lockedGetOrLoad(LocalCache.java:2298)
[11:39:15] [Paper Watchdog Thread/ERROR]: 		com.google.common.cache.LocalCache$Segment.get(LocalCache.java:2211)
[11:39:15] [Paper Watchdog Thread/ERROR]: 		com.google.common.cache.LocalCache.get(LocalCache.java:4154)
[11:39:15] [Paper Watchdog Thread/ERROR]: 		com.google.common.cache.LocalCache.getOrLoad(LocalCache.java:4158)
[11:39:15] [Paper Watchdog Thread/ERROR]: 		com.google.common.cache.LocalCache$LocalLoadingCache.get(LocalCache.java:5147)
[11:39:15] [Paper Watchdog Thread/ERROR]: 		com.google.common.cache.LocalCache$LocalLoadingCache.getUnchecked(LocalCache.java:5153)
[11:39:15] [Paper Watchdog Thread/ERROR]: 		net.minecraft.server.v1_15_R1.TileEntitySkull$3.call(TileEntitySkull.java:218)
[11:39:15] [Paper Watchdog Thread/ERROR]: 		net.minecraft.server.v1_15_R1.TileEntitySkull$3.call(TileEntitySkull.java:215)
[11:39:15] [Paper Watchdog Thread/ERROR]: 		net.minecraft.server.v1_15_R1.TileEntitySkull.b(TileEntitySkull.java:234)
[11:39:15] [Paper Watchdog Thread/ERROR]: 		org.bukkit.craftbukkit.v1_15_R1.inventory.CraftMetaSkull.applyToItem(CraftMetaSkull.java:88)
[11:39:15] [Paper Watchdog Thread/ERROR]: 		org.bukkit.craftbukkit.v1_15_R1.inventory.CraftItemStack.setItemMeta(CraftItemStack.java:518)
[11:39:15] [Paper Watchdog Thread/ERROR]: 		org.bukkit.craftbukkit.v1_15_R1.inventory.CraftItemStack.asNMSCopy(CraftItemStack.java:42)
[11:39:15] [Paper Watchdog Thread/ERROR]: 		org.bukkit.craftbukkit.v1_15_R1.inventory.CraftInventory.setItem(CraftInventory.java:99)
[11:39:15] [Paper Watchdog Thread/ERROR]: 		net.brcdev.shopgui.shop.ShopManager.loadMainMenu(ShopManager.java:107)
[11:39:15] [Paper Watchdog Thread/ERROR]: 		net.brcdev.shopgui.ShopGuiPlugin.loadAfterServerLoaded(ShopGuiPlugin.java:203)
[11:39:15] [Paper Watchdog Thread/ERROR]: 		net.brcdev.shopgui.ShopGuiPlugin.lambda$load$0(ShopGuiPlugin.java:186)
[11:39:15] [Paper Watchdog Thread/ERROR]: 		net.brcdev.shopgui.ShopGuiPlugin$$Lambda$3518/31970747.run(Unknown Source)
[11:39:15] [Paper Watchdog Thread/ERROR]: 		org.bukkit.craftbukkit.v1_15_R1.scheduler.CraftTask.run(CraftTask.java:84)
[11:39:15] [Paper Watchdog Thread/ERROR]: 		org.bukkit.craftbukkit.v1_15_R1.scheduler.CraftScheduler.mainThreadHeartbeat(CraftScheduler.java:461)
[11:39:15] [Paper Watchdog Thread/ERROR]: 		net.minecraft.server.v1_15_R1.MinecraftServer.b(MinecraftServer.java:1240)
[11:39:15] [Paper Watchdog Thread/ERROR]: 		net.minecraft.server.v1_15_R1.DedicatedServer.b(DedicatedServer.java:430)
[11:39:15] [Paper Watchdog Thread/ERROR]: 		net.minecraft.server.v1_15_R1.MinecraftServer.a(MinecraftServer.java:1157)
[11:39:15] [Paper Watchdog Thread/ERROR]: 		net.minecraft.server.v1_15_R1.MinecraftServer.run(MinecraftServer.java:946)
[11:39:15] [Paper Watchdog Thread/ERROR]: 		java.lang.Thread.run(Unknown Source)
[11:39:15] [Paper Watchdog Thread/ERROR]: ------------------------------
[11:39:15] [Paper Watchdog Thread/ERROR]: --- DO NOT REPORT THIS TO PAPER - THIS IS NOT A BUG OR A CRASH ---
[11:39:15] [Paper Watchdog Thread/ERROR]: ------------------------------
[11:39:19] [Server thread/INFO]: [ShopGUIPlus] Loaded 31 main menu items.
[11:39:19] [Server thread/INFO]: [ShopGUIPlus] Loaded shop 'armorweapons' with 26 items.
[11:39:19] [Server thread/INFO]: [ShopGUIPlus] Loaded shop 'blocks' with 45 items.
[11:39:19] [Server thread/INFO]: [ShopGUIPlus] Loaded shop 'blocks14' with 56 items.
[11:39:19] [Server thread/INFO]: [ShopGUIPlus] Loaded shop 'blocnou' with 56 items.
[11:39:19] [Server thread/INFO]: [ShopGUIPlus] Loaded shop 'brewing' with 14 items.
[11:39:19] [Server thread/INFO]: [ShopGUIPlus] Loaded shop 'commands' with 13 items.
[11:39:19] [Server thread/INFO]: [ShopGUIPlus] Loaded shop 'decoration' with 109 items.
[11:39:19] [Server thread/INFO]: [ShopGUIPlus] Loaded shop 'dyes' with 16 items.
[11:39:19] [Server thread/INFO]: [ShopGUIPlus] Loaded shop 'enchantbook' with 36 items.
[11:39:19] [Server thread/INFO]: [ShopGUIPlus] Loaded shop 'food' with 62 items.
[11:39:19] [Server thread/INFO]: [ShopGUIPlus] Loaded shop 'misc' with 23 items.
[11:39:19] [Server thread/INFO]: [ShopGUIPlus] Loaded shop 'mobegg' with 32 items.
[11:39:19] [Server thread/INFO]: [ShopGUIPlus] Loaded shop 'ores' with 18 items.
[11:39:19] [Server thread/INFO]: [ShopGUIPlus] Loaded shop 'potions' with 21 items.
[11:39:19] [Server thread/INFO]: [ShopGUIPlus] Loaded shop 'redstone' with 15 items.
[11:39:19] [Server thread/INFO]: [ShopGUIPlus] Loaded shop 'slabs' with 27 items.
[11:39:19] [Server thread/INFO]: [ShopGUIPlus] Loaded shop 'spawners' with 10 items.
[11:39:19] [Server thread/INFO]: [ShopGUIPlus] Loaded shop 'stairs' with 23 items.
[11:39:19] [Server thread/INFO]: [ShopGUIPlus] Loaded shop 'tools' with 20 items.
[11:39:19] [Server thread/INFO]: [ShopGUIPlus] Loaded shop 'wood' with 56 items.
[11:39:19] [Server thread/INFO]: [ShopGUIPlus] Loaded 20 shops with total of 678 items.
[11:39:19] [Server thread/INFO]: [ShopGUIPlus]  
[11:39:19] [Server thread/INFO]: [ShopGUIPlus] ====================================================================================
[11:39:19] [Server thread/INFO]: [BentoBox] Added world BSkyBlock (NORMAL)
[11:39:19] [Server thread/WARN]: Can't keep up! Is the server overloaded? Running 14221ms or 284 ticks behind
[11:39:19] [Craft Scheduler Thread - 17/INFO]: [BentoBox] Loaded Blueprint Bundle 'default' for BSkyBlock.
[11:39:19] [Craft Scheduler Thread - 17/INFO]: [BentoBox] Loaded Blueprint Bundle 'double_island' for BSkyBlock.
[11:39:19] [Craft Scheduler Thread - 17/INFO]: [BentoBox] Loaded Blueprint Bundle 'harder_island' for BSkyBlock.
[11:39:19] [Craft Scheduler Thread - 17/INFO]: [BentoBox] Loaded blueprint 'double' for BSkyBlock
[11:39:19] [Craft Scheduler Thread - 17/INFO]: [BentoBox] Loaded blueprint 'end-island' for BSkyBlock
[11:39:19] [Craft Scheduler Thread - 17/INFO]: [BentoBox] Loaded blueprint 'harder' for BSkyBlock
[11:39:19] [Craft Scheduler Thread - 17/INFO]: [BentoBox] Loaded blueprint 'island' for BSkyBlock
[11:39:19] [Craft Scheduler Thread - 17/INFO]: [BentoBox] Loaded blueprint 'nether-island' for BSkyBlock
[11:39:19] [Server thread/INFO]: [BentoBox] All blueprints loaded.
[11:39:20] [Craft Scheduler Thread - 17/INFO]: [BentoBox] Downloading data from GitHub...
[11:39:20] [Craft Scheduler Thread - 17/INFO]: [BentoBox] Updating the Catalog...
[11:39:20] [Server thread/INFO]: [EpicSpawners] Loading Crafting Recipes
[11:39:21] [Craft Scheduler Thread - 17/INFO]: [BentoBox] Updating Contributors information...
[11:39:21] [Craft Scheduler Thread - 17/INFO]: [BentoBox] Gathering contribution data for: BentoBoxWorld/BentoBox, BentoBoxWorld/BSkyBlock, BentoBoxWorld/Biomes, BentoBoxWorld/Challenges, BentoBoxWorld/ControlPanel, BentoBoxWorld/Level, BentoBoxWorld/Warps, BentoBoxWorld/Limits, BentoBoxWorld/IslandFly, BentoBoxWorld/invSwitcher, BentoBoxWorld/TwerkingForTrees, BentoBoxWorld/VoidPortals, BentoBoxWorld/MagicCobblestoneGenerator, BentoBoxWorld/Greenhouses, BentoBoxWorld/DimensionalTrees, BentoBoxWorld/CauldronWitchery, BentoBoxWorld/Likes, BentoBoxWorld/AcidIsland, BentoBoxWorld/SkyGrid, BentoBoxWorld/CaveBlock
[11:39:28] [Craft Scheduler Thread - 17/INFO]: [BentoBox] Successfully downloaded data from GitHub.
[11:39:49] [Craft Scheduler Thread - 17/INFO]: [BentoBox] Downloading data from GitHub...
[11:39:50] [Craft Scheduler Thread - 17/INFO]: [BentoBox] Successfully downloaded data from GitHub.
